app/build/intermediates/manifest_merge_blame_file/debug/manifest-merger-blame-debug-report.txt
1<?xml version="1.0" encoding="utf-8"?>
2<manifest xmlns:android="http://schemas.android.com/apk/res/android"
3    package="com.fithou.vanson.certificate_motor_a1"
4    android:versionCode="1"
5    android:versionName="1.0" >
6
7    <uses-sdk
8        android:minSdkVersion="29"
8-->src\main\AndroidManifest.xml
9        android:targetSdkVersion="29" />
9-->src\main\AndroidManifest.xml
10
11    <application
11-->src\main\AndroidManifest.xml:5:5-22:19
12        android:allowBackup="true"
12-->src\main\AndroidManifest.xml:6:9-35
13        android:appComponentFactory="androidx.core.app.CoreComponentFactory"
13-->[androidx.core:core:1.3.0] AndroidManifest.xml:24:18-86
14        android:debuggable="true"
15        android:extractNativeLibs="false"
16        android:icon="@mipmap/icon"
16-->src\main\AndroidManifest.xml:7:9-36
17        android:label="@string/app_name"
17-->src\main\AndroidManifest.xml:8:9-41
18        android:roundIcon="@mipmap/icon"
18-->src\main\AndroidManifest.xml:9:9-41
19        android:supportsRtl="true"
19-->src\main\AndroidManifest.xml:10:9-35
20        android:testOnly="true"
21        android:theme="@style/AppTheme" >
21-->src\main\AndroidManifest.xml:11:9-40
22        <activity android:name="com.fithou.vanson.certificate_motor_a1.activities.MainActivity" >
22-->src\main\AndroidManifest.xml:12:9-17:20
22-->src\main\AndroidManifest.xml:12:19-58
23            <intent-filter>
23-->src\main\AndroidManifest.xml:13:13-16:29
24                <action android:name="android.intent.action.MAIN" />
24-->src\main\AndroidManifest.xml:14:17-69
24-->src\main\AndroidManifest.xml:14:25-66
25
26                <category android:name="android.intent.category.LAUNCHER" />
26-->src\main\AndroidManifest.xml:15:17-77
26-->src\main\AndroidManifest.xml:15:27-74
27            </intent-filter>
28        </activity>
29        <activity android:name="com.fithou.vanson.certificate_motor_a1.activities.LearningActivity" />
29-->src\main\AndroidManifest.xml:18:9-74
29-->src\main\AndroidManifest.xml:18:19-62
30        <activity android:name="com.fithou.vanson.certificate_motor_a1.activities.LearningDetail" />
30-->src\main\AndroidManifest.xml:19:9-72
30-->src\main\AndroidManifest.xml:19:19-60
31        <activity android:name="com.fithou.vanson.certificate_motor_a1.activities.ContestWelcome" />
31-->src\main\AndroidManifest.xml:20:9-72
31-->src\main\AndroidManifest.xml:20:19-60
32        <activity android:name="com.fithou.vanson.certificate_motor_a1.activities.ContestDetail" />
32-->src\main\AndroidManifest.xml:21:9-71
32-->src\main\AndroidManifest.xml:21:19-59
33    </application>
34
35</manifest>